[ 2018-05-02T20:30:27+08:00 ] ::1 /skycaiji/index.php?m=Admin&c=ProgramRelease&a=index
INFO: [ app_init ] --START--
INFO: Run Behavior\BuildLiteBehavior [ RunTime:0.000049s ]
INFO: [ app_init ] --END-- [ RunTime:0.001523s ]
INFO: [ app_begin ] --START--
INFO: Run Behavior\ReadHtmlCacheBehavior [ RunTime:0.002019s ]
INFO: Run Behavior\CheckLangBehavior [ RunTime:0.004740s ]
INFO: Run Common\Behavior\InitBehavior [ RunTime:0.003485s ]
NOTIC: [8] Constant LANG_SET already defined F:\www\skycaiji\ThinkPHP\Library\Behavior\CheckLangBehavior.class.php 第 55 行.
INFO: Run Behavior\CheckLangBehavior [ RunTime:0.003732s ]
SQL: SHOW COLUMNS FROM `skycaiji_user` [ RunTime:0.0107s ]
SQL: SELECT * FROM `skycaiji_user` WHERE `uid` = 1 LIMIT 1   [ RunTime:0.0004s ]
SQL: SHOW COLUMNS FROM `skycaiji_usergroup` [ RunTime:0.0100s ]
SQL: SELECT * FROM `skycaiji_usergroup` WHERE `id` = 1 LIMIT 1   [ RunTime:0.0004s ]
SQL: SHOW COLUMNS FROM `skycaiji_config` [ RunTime:0.0101s ]
SQL: SELECT MAX(dateline) AS tp_max FROM `skycaiji_config` LIMIT 1   [ RunTime:0.0004s ]
INFO: Run Admin\Behavior\InitBehavior [ RunTime:0.078202s ]
INFO: [ app_begin ] --END-- [ RunTime:0.092666s ]
NOTIC: [8] A session had already been started - ignoring session_start() F:\www\skycaiji\ThinkPHP\Common\functions.php 第 1263 行.
NOTIC: [2] array_map(): Argument #2 should be an array F:\www\skycaiji\SkycaijiApp\Common\Common\function.php 第 268 行.
NOTIC: [2] array_map(): Argument #2 should be an array F:\www\skycaiji\SkycaijiApp\Common\Common\function.php 第 268 行.
NOTIC: [2] array_map(): Argument #2 should be an array F:\www\skycaiji\SkycaijiApp\Common\Common\function.php 第 268 行.
NOTIC: [2] array_map(): Argument #2 should be an array F:\www\skycaiji\SkycaijiApp\Common\Common\function.php 第 268 行.
NOTIC: [2] array_map(): Argument #2 should be an array F:\www\skycaiji\SkycaijiApp\Common\Common\function.php 第 268 行.
NOTIC: [2] unlink(F:\www\skycaiji\SkycaijiApp\Install\Data/upgrade.lock): No such file or directory F:\www\skycaiji\SkycaijiApp\Admin\Controller\ProgramReleaseController.class.php 第 27 行.
NOTIC: [2] array_map(): Argument #2 should be an array F:\www\skycaiji\SkycaijiApp\Common\Common\function.php 第 268 行.
NOTIC: [2] array_map(): Argument #2 should be an array F:\www\skycaiji\SkycaijiApp\Common\Common\function.php 第 268 行.
NOTIC: [2] array_map(): Argument #2 should be an array F:\www\skycaiji\SkycaijiApp\Common\Common\function.php 第 268 行.
NOTIC: [2] array_map(): Argument #2 should be an array F:\www\skycaiji\SkycaijiApp\Common\Common\function.php 第 268 行.
NOTIC: [2] array_map(): Argument #2 should be an array F:\www\skycaiji\SkycaijiApp\Common\Common\function.php 第 268 行.
NOTIC: [2] array_map(): Argument #2 should be an array F:\www\skycaiji\SkycaijiApp\Common\Common\function.php 第 268 行.
NOTIC: [2] array_map(): Argument #2 should be an array F:\www\skycaiji\SkycaijiApp\Common\Common\function.php 第 268 行.
NOTIC: [2] array_map(): Argument #2 should be an array F:\www\skycaiji\SkycaijiApp\Common\Common\function.php 第 268 行.
NOTIC: [2] array_map(): Argument #2 should be an array F:\www\skycaiji\SkycaijiApp\Common\Common\function.php 第 268 行.
NOTIC: [2] array_map(): Argument #2 should be an array F:\www\skycaiji\SkycaijiApp\Common\Common\function.php 第 268 行.
NOTIC: [2] array_map(): Argument #2 should be an array F:\www\skycaiji\SkycaijiApp\Common\Common\function.php 第 268 行.

